<?xml version="1.0" encoding="UTF-8"?>
<testng-results ignored="0" total="1" passed="1" failed="0" skipped="0">
  <reporter-output>
  </reporter-output>
  <suite started-at="2023-07-29T07:55:04 IST" name="Default suite" finished-at="2023-07-29T07:55:04 IST" duration-ms="72">
    <groups>
    </groups>
    <test started-at="2023-07-29T07:55:04 IST" name="Default test" finished-at="2023-07-29T07:55:04 IST" duration-ms="72">
      <class name="sampleTests.PracticeTest">
        <test-method signature="practiceTest()[pri:0, instance:sampleTests.PracticeTest@55141def]" started-at="2023-07-29T07:55:04 IST" name="practiceTest" finished-at="2023-07-29T07:55:04 IST" duration-ms="13" status="PASS">
          <reporter-output>
          </reporter-output>
        </test-method> <!-- practiceTest -->
      </class> <!-- sampleTests.PracticeTest -->
    </test> <!-- Default test -->
  </suite> <!-- Default suite -->
</testng-results>
